<?xml version="1.0" encoding="UTF-8"?>
<!-- Generated by org.testng.reporters.JUnitReportReporter -->
<testsuite skipped="0" hostname="DESKTOP-BD69M0L" name="TestCases22.LoginPageTest" tests="4" failures="0" timestamp="2022-04-15T15:27:56 IST" time="17.913" errors="0">
  <testcase name="loginZerodhaAccTest" time="10.398" classname="TestCases22.LoginPageTest"/>
  <system-out/>
  <testcase name="validatezerodhaLogoTest" time="3.504" classname="TestCases22.LoginPageTest"/>
  <system-out/>
  <testcase name="validateLoginPageTitleTest" time="1.991" classname="TestCases22.LoginPageTest"/>
  <system-out>
    <![CDATA[Title=Kite - Zerodha's fast and elegant flagship trading platform]]>
  </system-out>
  <testcase name="validatekiteLogoTest" time="2.020" classname="TestCases22.LoginPageTest"/>
  <system-out>
    <![CDATA[kite logo is =true]]>
  </system-out>
</testsuite> <!-- TestCases22.LoginPageTest -->
